<?xml version="1.0" encoding="UTF-8"?>
<!-- Generated by org.testng.reporters.JUnitXMLReporter -->
<testsuite hostname="LAPTOP-6J2R3I92" ignored="2" name="APITest" tests="8" failures="0" timestamp="16 Mar 2019 21:43:57 GMT" time="6.918" errors="0">
  <testcase name="verifyTestCalculateUI" time="0.302" classname="com.ataccama.test.WebUITest"/>
  <testcase name="verifyTestCalculateUI" time="0.24" classname="com.ataccama.test.WebUITest"/>
  <testcase name="verifyTestCalculateUI" time="0.223" classname="com.ataccama.test.WebUITest"/>
  <testcase name="verifyTestCalculateUI" time="0.233" classname="com.ataccama.test.WebUITest"/>
  <testcase name="verifySOAPAPIResponse" time="0.035" classname="com.ataccama.test.SoapAPITest"/>
  <testcase name="verifySOAPAPIResponse" time="0.022" classname="com.ataccama.test.SoapAPITest"/>
  <testcase name="verifySOAPAPIResponse" time="0.016" classname="com.ataccama.test.SoapAPITest"/>
  <testcase name="verifySOAPAPIResponse" time="0.017" classname="com.ataccama.test.SoapAPITest"/>
  <testcase name="@AfterTest afterTest" time="0.0" classname="com.ataccama.test.BaseTest">
    <ignored/>
  </testcase> <!-- @AfterTest afterTest -->
  <testcase name="@BeforeTest setup" time="0.0" classname="com.ataccama.test.BaseTest">
    <ignored/>
  </testcase> <!-- @BeforeTest setup -->
</testsuite> <!-- APITest -->
